{"uid":"ee6ba555361f2f32","name":"Runs Cucumber Scenarios","fullName":"io.cucumber.testng.AbstractTestNGCucumberTests.runScenario","historyId":"b4ef3a5b09ff05dde054b51eea8207ae","time":{"start":1674673803280,"stop":1674673809621,"duration":6341},"status":"broken","statusMessage":"stale element reference: element is not attached to the page document\n  (Session info: headless chrome=109.0.5414.74)\nFor documentation on this error, please visit: https://selenium.dev/exceptions/#stale_element_reference\nBuild info: version: '4.1.4', revision: '535d840ee2'\nSystem info: host: 'fv-az548-493', ip: '10.1.0.122', os.name: 'Linux', os.arch: 'amd64', os.version: '5.15.0-1031-azure', java.version: '11.0.17'\nDriver info: org.openqa.selenium.chrome.ChromeDriver\nCommand: [b86b7b12db9bc75f831a5ec22a73c7f4, clickElement {id=52fa1f1b-3255-47fb-b44f-e5472d1ce85f}]\nCapabilities {acceptInsecureCerts: false, browserName: chrome, browserVersion: 109.0.5414.74, chrome: {chromedriverVersion: 109.0.5414.74 (e7c5703604da..., userDataDir: /tmp/.com.google.Chrome.HG2Os1}, goog:chromeOptions: {debuggerAddress: localhost:32799}, javascriptEnabled: true, networkConnectionEnabled: false, pageLoadStrategy: normal, platform: LINUX, platformName: LINUX, proxy: Proxy(), se:cdp: ws://localhost:32799/devtoo..., se:cdpVersion: 109.0.5414.74, setWindowRect: true, strictFileInteractability: false, timeouts: {implicit: 0, pageLoad: 300000, script: 30000}, unhandledPromptBehavior: dismiss and notify, webauthn:extension:credBlob: true, webauthn:extension:largeBlob: true, webauthn:virtualAuthenticators: true}\nElement: [[ChromeDriver: chrome on LINUX (b86b7b12db9bc75f831a5ec22a73c7f4)] -> tag name: h4]\nSession ID: b86b7b12db9bc75f831a5ec22a73c7f4","statusTrace":"org.openqa.selenium.StaleElementReferenceException: stale element reference: element is not attached to the page document\n  (Session info: headless chrome=109.0.5414.74)\nFor documentation on this error, please visit: https://selenium.dev/exceptions/#stale_element_reference\nBuild info: version: '4.1.4', revision: '535d840ee2'\nSystem info: host: 'fv-az548-493', ip: '10.1.0.122', os.name: 'Linux', os.arch: 'amd64', os.version: '5.15.0-1031-azure', java.version: '11.0.17'\nDriver info: org.openqa.selenium.chrome.ChromeDriver\nCommand: [b86b7b12db9bc75f831a5ec22a73c7f4, clickElement {id=52fa1f1b-3255-47fb-b44f-e5472d1ce85f}]\nCapabilities {acceptInsecureCerts: false, browserName: chrome, browserVersion: 109.0.5414.74, chrome: {chromedriverVersion: 109.0.5414.74 (e7c5703604da..., userDataDir: /tmp/.com.google.Chrome.HG2Os1}, goog:chromeOptions: {debuggerAddress: localhost:32799}, javascriptEnabled: true, networkConnectionEnabled: false, pageLoadStrategy: normal, platform: LINUX, platformName: LINUX, proxy: Proxy(), se:cdp: ws://localhost:32799/devtoo..., se:cdpVersion: 109.0.5414.74, setWindowRect: true, strictFileInteractability: false, timeouts: {implicit: 0, pageLoad: 300000, script: 30000}, unhandledPromptBehavior: dismiss and notify, webauthn:extension:credBlob: true, webauthn:extension:largeBlob: true, webauthn:virtualAuthenticators: true}\nElement: [[ChromeDriver: chrome on LINUX (b86b7b12db9bc75f831a5ec22a73c7f4)] -> tag name: h4]\nSession ID: b86b7b12db9bc75f831a5ec22a73c7f4\n\tat java.base/jdk.internal.reflect.NativeConstructorAccessorImpl.newInstance0(Native Method)\n\tat java.base/jdk.internal.reflect.NativeConstructorAccessorImpl.newInstance(NativeConstructorAccessorImpl.java:62)\n\tat java.base/jdk.internal.reflect.DelegatingConstructorAccessorImpl.newInstance(DelegatingConstructorAccessorImpl.java:45)\n\tat java.base/java.lang.reflect.Constructor.newInstance(Constructor.java:490)\n\tat org.openqa.selenium.remote.codec.w3c.W3CHttpResponseCodec.createException(W3CHttpResponseCodec.java:200)\n\tat org.openqa.selenium.remote.codec.w3c.W3CHttpResponseCodec.decode(W3CHttpResponseCodec.java:133)\n\tat org.openqa.selenium.remote.codec.w3c.W3CHttpResponseCodec.decode(W3CHttpResponseCodec.java:53)\n\tat org.openqa.selenium.remote.HttpCommandExecutor.execute(HttpCommandExecutor.java:184)\n\tat org.openqa.selenium.remote.service.DriverCommandExecutor.invokeExecute(DriverCommandExecutor.java:167)\n\tat org.openqa.selenium.remote.service.DriverCommandExecutor.execute(DriverCommandExecutor.java:142)\n\tat org.openqa.selenium.remote.RemoteWebDriver.execute(RemoteWebDriver.java:567)\n\tat org.openqa.selenium.remote.RemoteWebElement.execute(RemoteWebElement.java:251)\n\tat org.openqa.selenium.remote.RemoteWebElement.click(RemoteWebElement.java:77)\n\tat pages.BasePage.clickOnSelectedObjet(BasePage.java:100)\n\tat pages.BuyArticlesPage.selectItem(BuyArticlesPage.java:13)\n\tat steps.BuyArticlesSteps.selectTheLaptop(BuyArticlesSteps.java:11)\n\tat ✽.Select the laptop Sony vaio i5(classpath:features/web/BuyArticles.feature:20)\n","flaky":false,"newFailed":false,"newBroken":false,"newPassed":false,"retriesCount":0,"retriesStatusChange":false,"beforeStages":[{"name":"defineBrowser","time":{"start":1674673793487,"stop":1674673793487,"duration":0},"description":"","status":"passed","steps":[],"attachments":[],"parameters":[],"stepsCount":0,"attachmentsCount":0,"shouldDisplayMessage":false,"hasContent":false},{"name":"setUpClass","time":{"start":1674673793487,"stop":1674673793509,"duration":22},"description":"","status":"passed","steps":[],"attachments":[],"parameters":[],"stepsCount":0,"attachmentsCount":0,"shouldDisplayMessage":false,"hasContent":false}],"testStage":{"status":"broken","statusMessage":"stale element reference: element is not attached to the page document\n  (Session info: headless chrome=109.0.5414.74)\nFor documentation on this error, please visit: https://selenium.dev/exceptions/#stale_element_reference\nBuild info: version: '4.1.4', revision: '535d840ee2'\nSystem info: host: 'fv-az548-493', ip: '10.1.0.122', os.name: 'Linux', os.arch: 'amd64', os.version: '5.15.0-1031-azure', java.version: '11.0.17'\nDriver info: org.openqa.selenium.chrome.ChromeDriver\nCommand: [b86b7b12db9bc75f831a5ec22a73c7f4, clickElement {id=52fa1f1b-3255-47fb-b44f-e5472d1ce85f}]\nCapabilities {acceptInsecureCerts: false, browserName: chrome, browserVersion: 109.0.5414.74, chrome: {chromedriverVersion: 109.0.5414.74 (e7c5703604da..., userDataDir: /tmp/.com.google.Chrome.HG2Os1}, goog:chromeOptions: {debuggerAddress: localhost:32799}, javascriptEnabled: true, networkConnectionEnabled: false, pageLoadStrategy: normal, platform: LINUX, platformName: LINUX, proxy: Proxy(), se:cdp: ws://localhost:32799/devtoo..., se:cdpVersion: 109.0.5414.74, setWindowRect: true, strictFileInteractability: false, timeouts: {implicit: 0, pageLoad: 300000, script: 30000}, unhandledPromptBehavior: dismiss and notify, webauthn:extension:credBlob: true, webauthn:extension:largeBlob: true, webauthn:virtualAuthenticators: true}\nElement: [[ChromeDriver: chrome on LINUX (b86b7b12db9bc75f831a5ec22a73c7f4)] -> tag name: h4]\nSession ID: b86b7b12db9bc75f831a5ec22a73c7f4","statusTrace":"org.openqa.selenium.StaleElementReferenceException: stale element reference: element is not attached to the page document\n  (Session info: headless chrome=109.0.5414.74)\nFor documentation on this error, please visit: https://selenium.dev/exceptions/#stale_element_reference\nBuild info: version: '4.1.4', revision: '535d840ee2'\nSystem info: host: 'fv-az548-493', ip: '10.1.0.122', os.name: 'Linux', os.arch: 'amd64', os.version: '5.15.0-1031-azure', java.version: '11.0.17'\nDriver info: org.openqa.selenium.chrome.ChromeDriver\nCommand: [b86b7b12db9bc75f831a5ec22a73c7f4, clickElement {id=52fa1f1b-3255-47fb-b44f-e5472d1ce85f}]\nCapabilities {acceptInsecureCerts: false, browserName: chrome, browserVersion: 109.0.5414.74, chrome: {chromedriverVersion: 109.0.5414.74 (e7c5703604da..., userDataDir: /tmp/.com.google.Chrome.HG2Os1}, goog:chromeOptions: {debuggerAddress: localhost:32799}, javascriptEnabled: true, networkConnectionEnabled: false, pageLoadStrategy: normal, platform: LINUX, platformName: LINUX, proxy: Proxy(), se:cdp: ws://localhost:32799/devtoo..., se:cdpVersion: 109.0.5414.74, setWindowRect: true, strictFileInteractability: false, timeouts: {implicit: 0, pageLoad: 300000, script: 30000}, unhandledPromptBehavior: dismiss and notify, webauthn:extension:credBlob: true, webauthn:extension:largeBlob: true, webauthn:virtualAuthenticators: true}\nElement: [[ChromeDriver: chrome on LINUX (b86b7b12db9bc75f831a5ec22a73c7f4)] -> tag name: h4]\nSession ID: b86b7b12db9bc75f831a5ec22a73c7f4\n\tat java.base/jdk.internal.reflect.NativeConstructorAccessorImpl.newInstance0(Native Method)\n\tat java.base/jdk.internal.reflect.NativeConstructorAccessorImpl.newInstance(NativeConstructorAccessorImpl.java:62)\n\tat java.base/jdk.internal.reflect.DelegatingConstructorAccessorImpl.newInstance(DelegatingConstructorAccessorImpl.java:45)\n\tat java.base/java.lang.reflect.Constructor.newInstance(Constructor.java:490)\n\tat org.openqa.selenium.remote.codec.w3c.W3CHttpResponseCodec.createException(W3CHttpResponseCodec.java:200)\n\tat org.openqa.selenium.remote.codec.w3c.W3CHttpResponseCodec.decode(W3CHttpResponseCodec.java:133)\n\tat org.openqa.selenium.remote.codec.w3c.W3CHttpResponseCodec.decode(W3CHttpResponseCodec.java:53)\n\tat org.openqa.selenium.remote.HttpCommandExecutor.execute(HttpCommandExecutor.java:184)\n\tat org.openqa.selenium.remote.service.DriverCommandExecutor.invokeExecute(DriverCommandExecutor.java:167)\n\tat org.openqa.selenium.remote.service.DriverCommandExecutor.execute(DriverCommandExecutor.java:142)\n\tat org.openqa.selenium.remote.RemoteWebDriver.execute(RemoteWebDriver.java:567)\n\tat org.openqa.selenium.remote.RemoteWebElement.execute(RemoteWebElement.java:251)\n\tat org.openqa.selenium.remote.RemoteWebElement.click(RemoteWebElement.java:77)\n\tat pages.BasePage.clickOnSelectedObjet(BasePage.java:100)\n\tat pages.BuyArticlesPage.selectItem(BuyArticlesPage.java:13)\n\tat steps.BuyArticlesSteps.selectTheLaptop(BuyArticlesSteps.java:11)\n\tat ✽.Select the laptop Sony vaio i5(classpath:features/web/BuyArticles.feature:20)\n","steps":[],"attachments":[{"uid":"5b0de31bce9eae21","name":"screenshot_error","source":"5b0de31bce9eae21.png","type":"image/png","size":175164}],"parameters":[],"stepsCount":0,"attachmentsCount":1,"shouldDisplayMessage":true,"hasContent":true},"afterStages":[{"name":"tearDownClass","time":{"start":1674673816230,"stop":1674673816231,"duration":1},"description":"","status":"passed","steps":[],"attachments":[],"parameters":[],"stepsCount":0,"attachmentsCount":0,"shouldDisplayMessage":false,"hasContent":false}],"labels":[{"name":"package","value":"runner.TestRunner"},{"name":"testClass","value":"runner.TestRunner"},{"name":"testMethod","value":"runScenario"},{"name":"parentSuite","value":"Multi Browser Test"},{"name":"suite","value":"Chrome Test"},{"name":"subSuite","value":"runner.TestRunner"},{"name":"host","value":"fv-az548-493"},{"name":"thread","value":"2432@fv-az548-493.main(1)"},{"name":"framework","value":"testng"},{"name":"language","value":"java"},{"name":"resultFormat","value":"allure2"}],"parameters":[{"name":"arg0","value":"\"To add a laptop to the shopping cart\""},{"name":"arg1","value":"\"By Articles\""},{"name":"browser","value":"chrome"}],"links":[],"hidden":false,"retry":false,"extra":{"severity":"normal","retries":[],"categories":[{"name":"Test defects","matchedStatuses":[],"flaky":false}],"tags":[]},"source":"ee6ba555361f2f32.json","parameterValues":["\"To add a laptop to the shopping cart\"","\"By Articles\"","chrome"]}