<?xml version="1.0" encoding="UTF-8"?>
<testng-results ignored="0" total="18" passed="16" failed="2" skipped="0">
  <reporter-output>
  </reporter-output>
  <suite started-at="2023-01-25T15:41:06 UYT" name="Multi Browser Test" finished-at="2023-01-25T15:43:11 UYT" duration-ms="124648">
    <groups>
      <group name="cucumber">
        <method signature="AbstractTestNGCucumberTests.runScenario(io.cucumber.testng.PickleWrapper,io.cucumber.testng.FeatureWrapper)[pri:0, instance:runner.TestRunner@352e787a]" name="runScenario" class="io.cucumber.testng.AbstractTestNGCucumberTests"/>
        <method signature="AbstractTestNGCucumberTests.runScenario(io.cucumber.testng.PickleWrapper,io.cucumber.testng.FeatureWrapper)[pri:0, instance:runner.TestRunner@6ae7deac]" name="runScenario" class="io.cucumber.testng.AbstractTestNGCucumberTests"/>
        <method signature="AbstractTestNGCucumberTests.runScenario(io.cucumber.testng.PickleWrapper,io.cucumber.testng.FeatureWrapper)[pri:0, instance:runner.TestRunner@365553de]" name="runScenario" class="io.cucumber.testng.AbstractTestNGCucumberTests"/>
      </group> <!-- cucumber -->
    </groups>
    <test started-at="2023-01-25T15:41:06 UYT" name="Firefox Test" finished-at="2023-01-25T15:42:02 UYT" duration-ms="55818">
      <class name="runner.TestRunner">
        <test-method is-config="true" signature="defineBrowser(java.lang.String)[pri:0, instance:runner.TestRunner@352e787a]" started-at="2023-01-25T15:41:06 UYT" name="defineBrowser" finished-at="2023-01-25T15:41:06 UYT" duration-ms="52" status="PASS">
          <params>
            <param index="0">
              <value>
                <![CDATA[firefox]]>
              </value>
            </param>
          </params>
          <reporter-output>
          </reporter-output>
        </test-method> <!-- defineBrowser -->
        <test-method is-config="true" signature="setUpClass(org.testng.ITestContext)[pri:0, instance:runner.TestRunner@352e787a]" started-at="2023-01-25T15:41:06 UYT" name="setUpClass" finished-at="2023-01-25T15:41:07 UYT" duration-ms="518" status="PASS">
          <params>
            <param index="0">
              <value>
                <![CDATA[org.testng.TestRunner@7d4d32a7]]>
              </value>
            </param>
          </params>
          <reporter-output>
          </reporter-output>
        </test-method> <!-- setUpClass -->
        <test-method signature="runScenario(io.cucumber.testng.PickleWrapper,io.cucumber.testng.FeatureWrapper)[pri:0, instance:runner.TestRunner@352e787a]" started-at="2023-01-25T15:41:07 UYT" name="runScenario" description="Runs Cucumber Scenarios" data-provider="scenarios" finished-at="2023-01-25T15:41:21 UYT" duration-ms="13904" status="PASS">
          <params>
            <param index="0">
              <value>
                <![CDATA["Add Pet"]]>
              </value>
            </param>
            <param index="1">
              <value>
                <![CDATA["Manage pet API services"]]>
              </value>
            </param>
          </params>
          <reporter-output>
          </reporter-output>
        </test-method> <!-- runScenario -->
        <test-method signature="runScenario(io.cucumber.testng.PickleWrapper,io.cucumber.testng.FeatureWrapper)[pri:0, instance:runner.TestRunner@352e787a]" started-at="2023-01-25T15:41:21 UYT" name="runScenario" description="Runs Cucumber Scenarios" data-provider="scenarios" finished-at="2023-01-25T15:41:26 UYT" duration-ms="5474" status="PASS">
          <params>
            <param index="0">
              <value>
                <![CDATA["Find Pet by id"]]>
              </value>
            </param>
            <param index="1">
              <value>
                <![CDATA["Manage pet API services"]]>
              </value>
            </param>
          </params>
          <reporter-output>
          </reporter-output>
        </test-method> <!-- runScenario -->
        <test-method signature="runScenario(io.cucumber.testng.PickleWrapper,io.cucumber.testng.FeatureWrapper)[pri:0, instance:runner.TestRunner@352e787a]" started-at="2023-01-25T15:41:26 UYT" name="runScenario" description="Runs Cucumber Scenarios" data-provider="scenarios" finished-at="2023-01-25T15:41:32 UYT" duration-ms="5780" status="PASS">
          <params>
            <param index="0">
              <value>
                <![CDATA["Update an existing pet"]]>
              </value>
            </param>
            <param index="1">
              <value>
                <![CDATA["Manage pet API services"]]>
              </value>
            </param>
          </params>
          <reporter-output>
          </reporter-output>
        </test-method> <!-- runScenario -->
        <test-method signature="runScenario(io.cucumber.testng.PickleWrapper,io.cucumber.testng.FeatureWrapper)[pri:0, instance:runner.TestRunner@352e787a]" started-at="2023-01-25T15:41:32 UYT" name="runScenario" description="Runs Cucumber Scenarios" data-provider="scenarios" finished-at="2023-01-25T15:41:46 UYT" duration-ms="13355" status="PASS">
          <params>
            <param index="0">
              <value>
                <![CDATA["To add a laptop to the shopping cart"]]>
              </value>
            </param>
            <param index="1">
              <value>
                <![CDATA["By Articles"]]>
              </value>
            </param>
          </params>
          <reporter-output>
          </reporter-output>
        </test-method> <!-- runScenario -->
        <test-method signature="runScenario(io.cucumber.testng.PickleWrapper,io.cucumber.testng.FeatureWrapper)[pri:0, instance:runner.TestRunner@352e787a]" started-at="2023-01-25T15:41:46 UYT" name="runScenario" description="Runs Cucumber Scenarios" data-provider="scenarios" finished-at="2023-01-25T15:41:55 UYT" duration-ms="9434" status="PASS">
          <params>
            <param index="0">
              <value>
                <![CDATA["Login Successful"]]>
              </value>
            </param>
            <param index="1">
              <value>
                <![CDATA["Login y Logout"]]>
              </value>
            </param>
          </params>
          <reporter-output>
          </reporter-output>
        </test-method> <!-- runScenario -->
        <test-method signature="runScenario(io.cucumber.testng.PickleWrapper,io.cucumber.testng.FeatureWrapper)[pri:0, instance:runner.TestRunner@352e787a]" started-at="2023-01-25T15:41:55 UYT" name="runScenario" description="Runs Cucumber Scenarios" data-provider="scenarios" finished-at="2023-01-25T15:42:02 UYT" duration-ms="7091" status="PASS">
          <params>
            <param index="0">
              <value>
                <![CDATA["Register a user Successful"]]>
              </value>
            </param>
            <param index="1">
              <value>
                <![CDATA["Register a user"]]>
              </value>
            </param>
          </params>
          <reporter-output>
          </reporter-output>
        </test-method> <!-- runScenario -->
        <test-method is-config="true" signature="tearDownClass()[pri:0, instance:runner.TestRunner@352e787a]" started-at="2023-01-25T15:42:02 UYT" name="tearDownClass" finished-at="2023-01-25T15:42:02 UYT" duration-ms="6" status="PASS">
          <reporter-output>
          </reporter-output>
        </test-method> <!-- tearDownClass -->
      </class> <!-- runner.TestRunner -->
    </test> <!-- Firefox Test -->
    <test started-at="2023-01-25T15:42:02 UYT" name="Chrome Test" finished-at="2023-01-25T15:42:37 UYT" duration-ms="34645">
      <class name="runner.TestRunner">
        <test-method is-config="true" signature="defineBrowser(java.lang.String)[pri:0, instance:runner.TestRunner@6ae7deac]" started-at="2023-01-25T15:42:02 UYT" name="defineBrowser" finished-at="2023-01-25T15:42:02 UYT" duration-ms="0" status="PASS">
          <params>
            <param index="0">
              <value>
                <![CDATA[chrome]]>
              </value>
            </param>
          </params>
          <reporter-output>
          </reporter-output>
        </test-method> <!-- defineBrowser -->
        <test-method is-config="true" signature="setUpClass(org.testng.ITestContext)[pri:0, instance:runner.TestRunner@6ae7deac]" started-at="2023-01-25T15:42:02 UYT" name="setUpClass" finished-at="2023-01-25T15:42:02 UYT" duration-ms="21" status="PASS">
          <params>
            <param index="0">
              <value>
                <![CDATA[org.testng.TestRunner@7b7fa640]]>
              </value>
            </param>
          </params>
          <reporter-output>
          </reporter-output>
        </test-method> <!-- setUpClass -->
        <test-method signature="runScenario(io.cucumber.testng.PickleWrapper,io.cucumber.testng.FeatureWrapper)[pri:0, instance:runner.TestRunner@6ae7deac]" started-at="2023-01-25T15:42:02 UYT" name="runScenario" description="Runs Cucumber Scenarios" data-provider="scenarios" finished-at="2023-01-25T15:42:05 UYT" duration-ms="2659" status="PASS">
          <params>
            <param index="0">
              <value>
                <![CDATA["Add Pet"]]>
              </value>
            </param>
            <param index="1">
              <value>
                <![CDATA["Manage pet API services"]]>
              </value>
            </param>
          </params>
          <reporter-output>
          </reporter-output>
        </test-method> <!-- runScenario -->
        <test-method signature="runScenario(io.cucumber.testng.PickleWrapper,io.cucumber.testng.FeatureWrapper)[pri:0, instance:runner.TestRunner@6ae7deac]" started-at="2023-01-25T15:42:05 UYT" name="runScenario" description="Runs Cucumber Scenarios" data-provider="scenarios" finished-at="2023-01-25T15:42:08 UYT" duration-ms="3402" status="PASS">
          <params>
            <param index="0">
              <value>
                <![CDATA["Find Pet by id"]]>
              </value>
            </param>
            <param index="1">
              <value>
                <![CDATA["Manage pet API services"]]>
              </value>
            </param>
          </params>
          <reporter-output>
          </reporter-output>
        </test-method> <!-- runScenario -->
        <test-method signature="runScenario(io.cucumber.testng.PickleWrapper,io.cucumber.testng.FeatureWrapper)[pri:0, instance:runner.TestRunner@6ae7deac]" started-at="2023-01-25T15:42:08 UYT" name="runScenario" description="Runs Cucumber Scenarios" data-provider="scenarios" finished-at="2023-01-25T15:42:11 UYT" duration-ms="3118" status="PASS">
          <params>
            <param index="0">
              <value>
                <![CDATA["Update an existing pet"]]>
              </value>
            </param>
            <param index="1">
              <value>
                <![CDATA["Manage pet API services"]]>
              </value>
            </param>
          </params>
          <reporter-output>
          </reporter-output>
        </test-method> <!-- runScenario -->
        <test-method signature="runScenario(io.cucumber.testng.PickleWrapper,io.cucumber.testng.FeatureWrapper)[pri:0, instance:runner.TestRunner@6ae7deac]" started-at="2023-01-25T15:42:11 UYT" name="runScenario" description="Runs Cucumber Scenarios" data-provider="scenarios" finished-at="2023-01-25T15:42:25 UYT" duration-ms="13280" status="FAIL">
          <params>
            <param index="0">
              <value>
                <![CDATA["To add a laptop to the shopping cart"]]>
              </value>
            </param>
            <param index="1">
              <value>
                <![CDATA["By Articles"]]>
              </value>
            </param>
          </params>
          <exception class="org.openqa.selenium.NoSuchElementException">
            <message>
              <![CDATA[no such element: Unable to locate element: {"method":"link text","selector":"Add to cart"}
  (Session info: headless chrome=108.0.5359.125)
For documentation on this error, please visit: https://selenium.dev/exceptions/#no_such_element
Build info: version: '4.1.4', revision: '535d840ee2'
System info: host: 'DESKTOP-LI580ST', ip: '10.121.5.3', os.name: 'Windows 10', os.arch: 'amd64', os.version: '10.0', java.version: '11.0.18'
Driver info: org.openqa.selenium.chrome.ChromeDriver
Command: [085b2a10258a6d5a0ff4bedfccdd6ee4, findElement {using=link text, value=Add to cart}]
Capabilities {acceptInsecureCerts: false, browserName: chrome, browserVersion: 108.0.5359.125, chrome: {chromedriverVersion: 108.0.5359.71 (1e0e3868ee06..., userDataDir: C:\Users\YAILIN~1.VAL\AppDa...}, goog:chromeOptions: {debuggerAddress: localhost:51016}, javascriptEnabled: true, networkConnectionEnabled: false, pageLoadStrategy: normal, platform: WINDOWS, platformName: WINDOWS, proxy: Proxy(), se:cdp: ws://localhost:51016/devtoo..., se:cdpVersion: 108.0.5359.125, setWindowRect: true, strictFileInteractability: false, timeouts: {implicit: 0, pageLoad: 300000, script: 30000}, unhandledPromptBehavior: dismiss and notify, webauthn:extension:credBlob: true, webauthn:extension:largeBlob: true, webauthn:virtualAuthenticators: true}
Session ID: 085b2a10258a6d5a0ff4bedfccdd6ee4]]>
            </message>
            <full-stacktrace>
              <![CDATA[org.openqa.selenium.NoSuchElementException: no such element: Unable to locate element: {"method":"link text","selector":"Add to cart"}
  (Session info: headless chrome=108.0.5359.125)
For documentation on this error, please visit: https://selenium.dev/exceptions/#no_such_element
Build info: version: '4.1.4', revision: '535d840ee2'
System info: host: 'DESKTOP-LI580ST', ip: '10.121.5.3', os.name: 'Windows 10', os.arch: 'amd64', os.version: '10.0', java.version: '11.0.18'
Driver info: org.openqa.selenium.chrome.ChromeDriver
Command: [085b2a10258a6d5a0ff4bedfccdd6ee4, findElement {using=link text, value=Add to cart}]
Capabilities {acceptInsecureCerts: false, browserName: chrome, browserVersion: 108.0.5359.125, chrome: {chromedriverVersion: 108.0.5359.71 (1e0e3868ee06..., userDataDir: C:\Users\YAILIN~1.VAL\AppDa...}, goog:chromeOptions: {debuggerAddress: localhost:51016}, javascriptEnabled: true, networkConnectionEnabled: false, pageLoadStrategy: normal, platform: WINDOWS, platformName: WINDOWS, proxy: Proxy(), se:cdp: ws://localhost:51016/devtoo..., se:cdpVersion: 108.0.5359.125, setWindowRect: true, strictFileInteractability: false, timeouts: {implicit: 0, pageLoad: 300000, script: 30000}, unhandledPromptBehavior: dismiss and notify, webauthn:extension:credBlob: true, webauthn:extension:largeBlob: true, webauthn:virtualAuthenticators: true}
Session ID: 085b2a10258a6d5a0ff4bedfccdd6ee4
at java.base/jdk.internal.reflect.NativeConstructorAccessorImpl.newInstance0(Native Method)
at java.base/jdk.internal.reflect.NativeConstructorAccessorImpl.newInstance(NativeConstructorAccessorImpl.java:62)
at java.base/jdk.internal.reflect.DelegatingConstructorAccessorImpl.newInstance(DelegatingConstructorAccessorImpl.java:45)
at java.base/java.lang.reflect.Constructor.newInstance(Constructor.java:490)
at org.openqa.selenium.remote.codec.w3c.W3CHttpResponseCodec.createException(W3CHttpResponseCodec.java:200)
at org.openqa.selenium.remote.codec.w3c.W3CHttpResponseCodec.decode(W3CHttpResponseCodec.java:133)
at org.openqa.selenium.remote.codec.w3c.W3CHttpResponseCodec.decode(W3CHttpResponseCodec.java:53)
at org.openqa.selenium.remote.HttpCommandExecutor.execute(HttpCommandExecutor.java:184)
at org.openqa.selenium.remote.service.DriverCommandExecutor.invokeExecute(DriverCommandExecutor.java:167)
at org.openqa.selenium.remote.service.DriverCommandExecutor.execute(DriverCommandExecutor.java:142)
at org.openqa.selenium.remote.RemoteWebDriver.execute(RemoteWebDriver.java:567)
at org.openqa.selenium.remote.ElementLocation$ElementFinder$2.findElement(ElementLocation.java:162)
at org.openqa.selenium.remote.ElementLocation.findElement(ElementLocation.java:60)
at org.openqa.selenium.remote.RemoteWebDriver.findElement(RemoteWebDriver.java:385)
at org.openqa.selenium.remote.RemoteWebDriver.findElement(RemoteWebDriver.java:377)
at pages.BasePage.scrollElementIntoView(BasePage.java:184)
at pages.RegisterUserPage.clickOnButton(RegisterUserPage.java:53)
at steps.RegisterUserSteps.clickOnButton(RegisterUserSteps.java:20)
at ✽.Click on the button Add to cart(classpath:features/web/BuyArticles.feature:21)
]]>
            </full-stacktrace>
          </exception> <!-- org.openqa.selenium.NoSuchElementException -->
          <reporter-output>
          </reporter-output>
        </test-method> <!-- runScenario -->
        <test-method signature="runScenario(io.cucumber.testng.PickleWrapper,io.cucumber.testng.FeatureWrapper)[pri:0, instance:runner.TestRunner@6ae7deac]" started-at="2023-01-25T15:42:25 UYT" name="runScenario" description="Runs Cucumber Scenarios" data-provider="scenarios" finished-at="2023-01-25T15:42:32 UYT" duration-ms="7398" status="PASS">
          <params>
            <param index="0">
              <value>
                <![CDATA["Login Successful"]]>
              </value>
            </param>
            <param index="1">
              <value>
                <![CDATA["Login y Logout"]]>
              </value>
            </param>
          </params>
          <reporter-output>
          </reporter-output>
        </test-method> <!-- runScenario -->
        <test-method signature="runScenario(io.cucumber.testng.PickleWrapper,io.cucumber.testng.FeatureWrapper)[pri:0, instance:runner.TestRunner@6ae7deac]" started-at="2023-01-25T15:42:32 UYT" name="runScenario" description="Runs Cucumber Scenarios" data-provider="scenarios" finished-at="2023-01-25T15:42:37 UYT" duration-ms="4739" status="PASS">
          <params>
            <param index="0">
              <value>
                <![CDATA["Register a user Successful"]]>
              </value>
            </param>
            <param index="1">
              <value>
                <![CDATA["Register a user"]]>
              </value>
            </param>
          </params>
          <reporter-output>
          </reporter-output>
        </test-method> <!-- runScenario -->
        <test-method is-config="true" signature="tearDownClass()[pri:0, instance:runner.TestRunner@6ae7deac]" started-at="2023-01-25T15:42:37 UYT" name="tearDownClass" finished-at="2023-01-25T15:42:37 UYT" duration-ms="1" status="PASS">
          <reporter-output>
          </reporter-output>
        </test-method> <!-- tearDownClass -->
      </class> <!-- runner.TestRunner -->
    </test> <!-- Chrome Test -->
    <test started-at="2023-01-25T15:42:37 UYT" name="Edge" finished-at="2023-01-25T15:43:11 UYT" duration-ms="34130">
      <class name="runner.TestRunner">
        <test-method is-config="true" signature="defineBrowser(java.lang.String)[pri:0, instance:runner.TestRunner@365553de]" started-at="2023-01-25T15:42:37 UYT" name="defineBrowser" finished-at="2023-01-25T15:42:37 UYT" duration-ms="0" status="PASS">
          <params>
            <param index="0">
              <value>
                <![CDATA[edge]]>
              </value>
            </param>
          </params>
          <reporter-output>
          </reporter-output>
        </test-method> <!-- defineBrowser -->
        <test-method is-config="true" signature="setUpClass(org.testng.ITestContext)[pri:0, instance:runner.TestRunner@365553de]" started-at="2023-01-25T15:42:37 UYT" name="setUpClass" finished-at="2023-01-25T15:42:37 UYT" duration-ms="21" status="PASS">
          <params>
            <param index="0">
              <value>
                <![CDATA[org.testng.TestRunner@65c29c4c]]>
              </value>
            </param>
          </params>
          <reporter-output>
          </reporter-output>
        </test-method> <!-- setUpClass -->
        <test-method signature="runScenario(io.cucumber.testng.PickleWrapper,io.cucumber.testng.FeatureWrapper)[pri:0, instance:runner.TestRunner@365553de]" started-at="2023-01-25T15:42:37 UYT" name="runScenario" description="Runs Cucumber Scenarios" data-provider="scenarios" finished-at="2023-01-25T15:42:39 UYT" duration-ms="2656" status="PASS">
          <params>
            <param index="0">
              <value>
                <![CDATA["Add Pet"]]>
              </value>
            </param>
            <param index="1">
              <value>
                <![CDATA["Manage pet API services"]]>
              </value>
            </param>
          </params>
          <reporter-output>
          </reporter-output>
        </test-method> <!-- runScenario -->
        <test-method signature="runScenario(io.cucumber.testng.PickleWrapper,io.cucumber.testng.FeatureWrapper)[pri:0, instance:runner.TestRunner@365553de]" started-at="2023-01-25T15:42:39 UYT" name="runScenario" description="Runs Cucumber Scenarios" data-provider="scenarios" finished-at="2023-01-25T15:42:43 UYT" duration-ms="3354" status="PASS">
          <params>
            <param index="0">
              <value>
                <![CDATA["Find Pet by id"]]>
              </value>
            </param>
            <param index="1">
              <value>
                <![CDATA["Manage pet API services"]]>
              </value>
            </param>
          </params>
          <reporter-output>
          </reporter-output>
        </test-method> <!-- runScenario -->
        <test-method signature="runScenario(io.cucumber.testng.PickleWrapper,io.cucumber.testng.FeatureWrapper)[pri:0, instance:runner.TestRunner@365553de]" started-at="2023-01-25T15:42:43 UYT" name="runScenario" description="Runs Cucumber Scenarios" data-provider="scenarios" finished-at="2023-01-25T15:42:46 UYT" duration-ms="3287" status="PASS">
          <params>
            <param index="0">
              <value>
                <![CDATA["Update an existing pet"]]>
              </value>
            </param>
            <param index="1">
              <value>
                <![CDATA["Manage pet API services"]]>
              </value>
            </param>
          </params>
          <reporter-output>
          </reporter-output>
        </test-method> <!-- runScenario -->
        <test-method signature="runScenario(io.cucumber.testng.PickleWrapper,io.cucumber.testng.FeatureWrapper)[pri:0, instance:runner.TestRunner@365553de]" started-at="2023-01-25T15:42:46 UYT" name="runScenario" description="Runs Cucumber Scenarios" data-provider="scenarios" finished-at="2023-01-25T15:43:00 UYT" duration-ms="13667" status="FAIL">
          <params>
            <param index="0">
              <value>
                <![CDATA["To add a laptop to the shopping cart"]]>
              </value>
            </param>
            <param index="1">
              <value>
                <![CDATA["By Articles"]]>
              </value>
            </param>
          </params>
          <exception class="org.openqa.selenium.NoSuchElementException">
            <message>
              <![CDATA[no such element: Unable to locate element: {"method":"link text","selector":"Add to cart"}
  (Session info: headless MicrosoftEdge=109.0.1518.61)
For documentation on this error, please visit: https://selenium.dev/exceptions/#no_such_element
Build info: version: '4.1.4', revision: '535d840ee2'
System info: host: 'DESKTOP-LI580ST', ip: '10.121.5.3', os.name: 'Windows 10', os.arch: 'amd64', os.version: '10.0', java.version: '11.0.18'
Driver info: org.openqa.selenium.edge.EdgeDriver
Command: [2d1dea0eacbdad8a92ac4a729be1249b, findElement {using=link text, value=Add to cart}]
Capabilities {acceptInsecureCerts: false, browserName: msedge, browserVersion: 109.0.1518.61, javascriptEnabled: true, ms:edgeOptions: {debuggerAddress: localhost:51148}, msedge: {msedgedriverVersion: 109.0.1518.61 (354b36f96bab..., userDataDir: C:\Users\YAILIN~1.VAL\AppDa...}, networkConnectionEnabled: false, pageLoadStrategy: normal, platform: WINDOWS, platformName: WINDOWS, proxy: Proxy(), se:cdp: ws://localhost:51148/devtoo..., se:cdpVersion: 109.0.1518.61, setWindowRect: true, strictFileInteractability: false, timeouts: {implicit: 0, pageLoad: 300000, script: 30000}, unhandledPromptBehavior: dismiss and notify, webauthn:extension:credBlob: true, webauthn:extension:largeBlob: true, webauthn:virtualAuthenticators: true}
Session ID: 2d1dea0eacbdad8a92ac4a729be1249b]]>
            </message>
            <full-stacktrace>
              <![CDATA[org.openqa.selenium.NoSuchElementException: no such element: Unable to locate element: {"method":"link text","selector":"Add to cart"}
  (Session info: headless MicrosoftEdge=109.0.1518.61)
For documentation on this error, please visit: https://selenium.dev/exceptions/#no_such_element
Build info: version: '4.1.4', revision: '535d840ee2'
System info: host: 'DESKTOP-LI580ST', ip: '10.121.5.3', os.name: 'Windows 10', os.arch: 'amd64', os.version: '10.0', java.version: '11.0.18'
Driver info: org.openqa.selenium.edge.EdgeDriver
Command: [2d1dea0eacbdad8a92ac4a729be1249b, findElement {using=link text, value=Add to cart}]
Capabilities {acceptInsecureCerts: false, browserName: msedge, browserVersion: 109.0.1518.61, javascriptEnabled: true, ms:edgeOptions: {debuggerAddress: localhost:51148}, msedge: {msedgedriverVersion: 109.0.1518.61 (354b36f96bab..., userDataDir: C:\Users\YAILIN~1.VAL\AppDa...}, networkConnectionEnabled: false, pageLoadStrategy: normal, platform: WINDOWS, platformName: WINDOWS, proxy: Proxy(), se:cdp: ws://localhost:51148/devtoo..., se:cdpVersion: 109.0.1518.61, setWindowRect: true, strictFileInteractability: false, timeouts: {implicit: 0, pageLoad: 300000, script: 30000}, unhandledPromptBehavior: dismiss and notify, webauthn:extension:credBlob: true, webauthn:extension:largeBlob: true, webauthn:virtualAuthenticators: true}
Session ID: 2d1dea0eacbdad8a92ac4a729be1249b
at jdk.internal.reflect.GeneratedConstructorAccessor61.newInstance(Unknown Source)
at java.base/jdk.internal.reflect.DelegatingConstructorAccessorImpl.newInstance(DelegatingConstructorAccessorImpl.java:45)
at java.base/java.lang.reflect.Constructor.newInstance(Constructor.java:490)
at org.openqa.selenium.remote.codec.w3c.W3CHttpResponseCodec.createException(W3CHttpResponseCodec.java:200)
at org.openqa.selenium.remote.codec.w3c.W3CHttpResponseCodec.decode(W3CHttpResponseCodec.java:133)
at org.openqa.selenium.remote.codec.w3c.W3CHttpResponseCodec.decode(W3CHttpResponseCodec.java:53)
at org.openqa.selenium.remote.HttpCommandExecutor.execute(HttpCommandExecutor.java:184)
at org.openqa.selenium.remote.service.DriverCommandExecutor.invokeExecute(DriverCommandExecutor.java:167)
at org.openqa.selenium.remote.service.DriverCommandExecutor.execute(DriverCommandExecutor.java:142)
at org.openqa.selenium.remote.RemoteWebDriver.execute(RemoteWebDriver.java:567)
at org.openqa.selenium.remote.ElementLocation$ElementFinder$2.findElement(ElementLocation.java:162)
at org.openqa.selenium.remote.ElementLocation.findElement(ElementLocation.java:60)
at org.openqa.selenium.remote.RemoteWebDriver.findElement(RemoteWebDriver.java:385)
at org.openqa.selenium.remote.RemoteWebDriver.findElement(RemoteWebDriver.java:377)
at pages.BasePage.scrollElementIntoView(BasePage.java:184)
at pages.RegisterUserPage.clickOnButton(RegisterUserPage.java:53)
at steps.RegisterUserSteps.clickOnButton(RegisterUserSteps.java:20)
at ✽.Click on the button Add to cart(classpath:features/web/BuyArticles.feature:21)
]]>
            </full-stacktrace>
          </exception> <!-- org.openqa.selenium.NoSuchElementException -->
          <reporter-output>
          </reporter-output>
        </test-method> <!-- runScenario -->
        <test-method signature="runScenario(io.cucumber.testng.PickleWrapper,io.cucumber.testng.FeatureWrapper)[pri:0, instance:runner.TestRunner@365553de]" started-at="2023-01-25T15:43:00 UYT" name="runScenario" description="Runs Cucumber Scenarios" data-provider="scenarios" finished-at="2023-01-25T15:43:07 UYT" duration-ms="6841" status="PASS">
          <params>
            <param index="0">
              <value>
                <![CDATA["Login Successful"]]>
              </value>
            </param>
            <param index="1">
              <value>
                <![CDATA["Login y Logout"]]>
              </value>
            </param>
          </params>
          <reporter-output>
          </reporter-output>
        </test-method> <!-- runScenario -->
        <test-method signature="runScenario(io.cucumber.testng.PickleWrapper,io.cucumber.testng.FeatureWrapper)[pri:0, instance:runner.TestRunner@365553de]" started-at="2023-01-25T15:43:07 UYT" name="runScenario" description="Runs Cucumber Scenarios" data-provider="scenarios" finished-at="2023-01-25T15:43:11 UYT" duration-ms="4254" status="PASS">
          <params>
            <param index="0">
              <value>
                <![CDATA["Register a user Successful"]]>
              </value>
            </param>
            <param index="1">
              <value>
                <![CDATA["Register a user"]]>
              </value>
            </param>
          </params>
          <reporter-output>
          </reporter-output>
        </test-method> <!-- runScenario -->
        <test-method is-config="true" signature="tearDownClass()[pri:0, instance:runner.TestRunner@365553de]" started-at="2023-01-25T15:43:11 UYT" name="tearDownClass" finished-at="2023-01-25T15:43:11 UYT" duration-ms="2" status="PASS">
          <reporter-output>
          </reporter-output>
        </test-method> <!-- tearDownClass -->
      </class> <!-- runner.TestRunner -->
    </test> <!-- Edge -->
  </suite> <!-- Multi Browser Test -->
</testng-results>
