{
  "uid" : "da9c0b93d1b4d17b",
  "name" : "Login Successful",
  "fullName" : "Login y Logout: Login Successful",
  "historyId" : "8cf3206b7f71cf07250c86b14155c0e9",
  "time" : {
    "start" : 1652727421289,
    "stop" : 1652727428003,
    "duration" : 6714
  },
  "status" : "broken",
  "statusMessage" : "Unable to locate element: #nameofuser\nFor documentation on this error, please visit: https://www.seleniumhq.org/exceptions/no_such_element.html\nBuild info: version: '3.141.59', revision: 'e82be7d358', time: '2018-11-14T08:17:03'\nSystem info: host: 'fv-az39-526', ip: '10.1.0.245', os.name: 'Linux', os.arch: 'amd64', os.version: '5.13.0-1022-azure', java.version: '11.0.15'\nDriver info: org.openqa.selenium.firefox.FirefoxDriver\nCapabilities {acceptInsecureCerts: true, browserName: firefox, browserVersion: 100.0.1, javascriptEnabled: true, moz:accessibilityChecks: false, moz:buildID: 20220513165813, moz:geckodriverVersion: 0.31.0, moz:headless: true, moz:processID: 3297, moz:profile: /tmp/rust_mozprofileG9MkaM, moz:shutdownTimeout: 60000, moz:useNonSpecCompliantPointerOrigin: false, moz:webdriverClick: true, pageLoadStrategy: normal, platform: LINUX, platformName: LINUX, platformVersion: 5.13.0-1022-azure, proxy: Proxy(), setWindowRect: true, strictFileInteractability: false, timeouts: {implicit: 0, pageLoad: 300000, script: 30000}, unhandledPromptBehavior: dismiss and notify}\nSession ID: 62199091-c95e-415f-839d-1b32fe21622d\n*** Element info: {Using=id, value=nameofuser}",
  "statusTrace" : "org.openqa.selenium.NoSuchElementException: Unable to locate element: #nameofuser\nFor documentation on this error, please visit: https://www.seleniumhq.org/exceptions/no_such_element.html\nBuild info: version: '3.141.59', revision: 'e82be7d358', time: '2018-11-14T08:17:03'\nSystem info: host: 'fv-az39-526', ip: '10.1.0.245', os.name: 'Linux', os.arch: 'amd64', os.version: '5.13.0-1022-azure', java.version: '11.0.15'\nDriver info: org.openqa.selenium.firefox.FirefoxDriver\nCapabilities {acceptInsecureCerts: true, browserName: firefox, browserVersion: 100.0.1, javascriptEnabled: true, moz:accessibilityChecks: false, moz:buildID: 20220513165813, moz:geckodriverVersion: 0.31.0, moz:headless: true, moz:processID: 3297, moz:profile: /tmp/rust_mozprofileG9MkaM, moz:shutdownTimeout: 60000, moz:useNonSpecCompliantPointerOrigin: false, moz:webdriverClick: true, pageLoadStrategy: normal, platform: LINUX, platformName: LINUX, platformVersion: 5.13.0-1022-azure, proxy: Proxy(), setWindowRect: true, strictFileInteractability: false, timeouts: {implicit: 0, pageLoad: 300000, script: 30000}, unhandledPromptBehavior: dismiss and notify}\nSession ID: 62199091-c95e-415f-839d-1b32fe21622d\n*** Element info: {Using=id, value=nameofuser}\n\tat java.base/jdk.internal.reflect.NativeConstructorAccessorImpl.newInstance0(Native Method)\n\tat java.base/jdk.internal.reflect.NativeConstructorAccessorImpl.newInstance(NativeConstructorAccessorImpl.java:62)\n\tat java.base/jdk.internal.reflect.DelegatingConstructorAccessorImpl.newInstance(DelegatingConstructorAccessorImpl.java:45)\n\tat java.base/java.lang.reflect.Constructor.newInstance(Constructor.java:490)\n\tat org.openqa.selenium.remote.http.W3CHttpResponseCodec.createException(W3CHttpResponseCodec.java:187)\n\tat org.openqa.selenium.remote.http.W3CHttpResponseCodec.decode(W3CHttpResponseCodec.java:122)\n\tat org.openqa.selenium.remote.http.W3CHttpResponseCodec.decode(W3CHttpResponseCodec.java:49)\n\tat org.openqa.selenium.remote.HttpCommandExecutor.execute(HttpCommandExecutor.java:158)\n\tat org.openqa.selenium.remote.service.DriverCommandExecutor.execute(DriverCommandExecutor.java:83)\n\tat org.openqa.selenium.remote.RemoteWebDriver.execute(RemoteWebDriver.java:552)\n\tat org.openqa.selenium.remote.RemoteWebDriver.findElement(RemoteWebDriver.java:323)\n\tat org.openqa.selenium.remote.RemoteWebDriver.findElementById(RemoteWebDriver.java:372)\n\tat org.openqa.selenium.By$ById.findElement(By.java:188)\n\tat org.openqa.selenium.remote.RemoteWebDriver.findElement(RemoteWebDriver.java:315)\n\tat pages.BasePage.invisibleWait(BasePage.java:34)\n\tat pages.BasePage.verifyInvisibleText(BasePage.java:67)\n\tat pages.LoginPage.verifyUsernameIsNotDisplayed(LoginPage.java:24)\n\tat steps.LoginSteps.verifyUsernameIsdisplayed(LoginSteps.java:23)\n\tat ✽.Verify the username is not displayed(classpath:features/web/Login.feature:19)\n",
  "flaky" : false,
  "newFailed" : false,
  "beforeStages" : [ {
    "name" : "Hooks.initDriver(Scenario)",
    "time" : {
      "start" : 1652727421289,
      "stop" : 1652727423329,
      "duration" : 2040
    },
    "status" : "passed",
    "steps" : [ ],
    "attachments" : [ ],
    "parameters" : [ ],
    "stepsCount" : 0,
    "attachmentsCount" : 0,
    "shouldDisplayMessage" : false,
    "hasContent" : false
  } ],
  "testStage" : {
    "status" : "broken",
    "statusMessage" : "Unable to locate element: #nameofuser\nFor documentation on this error, please visit: https://www.seleniumhq.org/exceptions/no_such_element.html\nBuild info: version: '3.141.59', revision: 'e82be7d358', time: '2018-11-14T08:17:03'\nSystem info: host: 'fv-az39-526', ip: '10.1.0.245', os.name: 'Linux', os.arch: 'amd64', os.version: '5.13.0-1022-azure', java.version: '11.0.15'\nDriver info: org.openqa.selenium.firefox.FirefoxDriver\nCapabilities {acceptInsecureCerts: true, browserName: firefox, browserVersion: 100.0.1, javascriptEnabled: true, moz:accessibilityChecks: false, moz:buildID: 20220513165813, moz:geckodriverVersion: 0.31.0, moz:headless: true, moz:processID: 3297, moz:profile: /tmp/rust_mozprofileG9MkaM, moz:shutdownTimeout: 60000, moz:useNonSpecCompliantPointerOrigin: false, moz:webdriverClick: true, pageLoadStrategy: normal, platform: LINUX, platformName: LINUX, platformVersion: 5.13.0-1022-azure, proxy: Proxy(), setWindowRect: true, strictFileInteractability: false, timeouts: {implicit: 0, pageLoad: 300000, script: 30000}, unhandledPromptBehavior: dismiss and notify}\nSession ID: 62199091-c95e-415f-839d-1b32fe21622d\n*** Element info: {Using=id, value=nameofuser}",
    "statusTrace" : "org.openqa.selenium.NoSuchElementException: Unable to locate element: #nameofuser\nFor documentation on this error, please visit: https://www.seleniumhq.org/exceptions/no_such_element.html\nBuild info: version: '3.141.59', revision: 'e82be7d358', time: '2018-11-14T08:17:03'\nSystem info: host: 'fv-az39-526', ip: '10.1.0.245', os.name: 'Linux', os.arch: 'amd64', os.version: '5.13.0-1022-azure', java.version: '11.0.15'\nDriver info: org.openqa.selenium.firefox.FirefoxDriver\nCapabilities {acceptInsecureCerts: true, browserName: firefox, browserVersion: 100.0.1, javascriptEnabled: true, moz:accessibilityChecks: false, moz:buildID: 20220513165813, moz:geckodriverVersion: 0.31.0, moz:headless: true, moz:processID: 3297, moz:profile: /tmp/rust_mozprofileG9MkaM, moz:shutdownTimeout: 60000, moz:useNonSpecCompliantPointerOrigin: false, moz:webdriverClick: true, pageLoadStrategy: normal, platform: LINUX, platformName: LINUX, platformVersion: 5.13.0-1022-azure, proxy: Proxy(), setWindowRect: true, strictFileInteractability: false, timeouts: {implicit: 0, pageLoad: 300000, script: 30000}, unhandledPromptBehavior: dismiss and notify}\nSession ID: 62199091-c95e-415f-839d-1b32fe21622d\n*** Element info: {Using=id, value=nameofuser}\n\tat java.base/jdk.internal.reflect.NativeConstructorAccessorImpl.newInstance0(Native Method)\n\tat java.base/jdk.internal.reflect.NativeConstructorAccessorImpl.newInstance(NativeConstructorAccessorImpl.java:62)\n\tat java.base/jdk.internal.reflect.DelegatingConstructorAccessorImpl.newInstance(DelegatingConstructorAccessorImpl.java:45)\n\tat java.base/java.lang.reflect.Constructor.newInstance(Constructor.java:490)\n\tat org.openqa.selenium.remote.http.W3CHttpResponseCodec.createException(W3CHttpResponseCodec.java:187)\n\tat org.openqa.selenium.remote.http.W3CHttpResponseCodec.decode(W3CHttpResponseCodec.java:122)\n\tat org.openqa.selenium.remote.http.W3CHttpResponseCodec.decode(W3CHttpResponseCodec.java:49)\n\tat org.openqa.selenium.remote.HttpCommandExecutor.execute(HttpCommandExecutor.java:158)\n\tat org.openqa.selenium.remote.service.DriverCommandExecutor.execute(DriverCommandExecutor.java:83)\n\tat org.openqa.selenium.remote.RemoteWebDriver.execute(RemoteWebDriver.java:552)\n\tat org.openqa.selenium.remote.RemoteWebDriver.findElement(RemoteWebDriver.java:323)\n\tat org.openqa.selenium.remote.RemoteWebDriver.findElementById(RemoteWebDriver.java:372)\n\tat org.openqa.selenium.By$ById.findElement(By.java:188)\n\tat org.openqa.selenium.remote.RemoteWebDriver.findElement(RemoteWebDriver.java:315)\n\tat pages.BasePage.invisibleWait(BasePage.java:34)\n\tat pages.BasePage.verifyInvisibleText(BasePage.java:67)\n\tat pages.LoginPage.verifyUsernameIsNotDisplayed(LoginPage.java:24)\n\tat steps.LoginSteps.verifyUsernameIsdisplayed(LoginSteps.java:23)\n\tat ✽.Verify the username is not displayed(classpath:features/web/Login.feature:19)\n",
    "steps" : [ {
      "name" : "Given  Navigate to Demoblaze web",
      "time" : {
        "start" : 1652727423329,
        "stop" : 1652727423893,
        "duration" : 564
      },
      "status" : "passed",
      "steps" : [ ],
      "attachments" : [ ],
      "parameters" : [ ],
      "stepsCount" : 0,
      "attachmentsCount" : 0,
      "shouldDisplayMessage" : false,
      "hasContent" : false
    }, {
      "name" : "Given  Click on the button Sign up",
      "time" : {
        "start" : 1652727423893,
        "stop" : 1652727424269,
        "duration" : 376
      },
      "status" : "passed",
      "steps" : [ ],
      "attachments" : [ ],
      "parameters" : [ ],
      "stepsCount" : 0,
      "attachmentsCount" : 0,
      "shouldDisplayMessage" : false,
      "hasContent" : false
    }, {
      "name" : "And  Write Username",
      "time" : {
        "start" : 1652727424269,
        "stop" : 1652727424638,
        "duration" : 369
      },
      "status" : "passed",
      "steps" : [ ],
      "attachments" : [ ],
      "parameters" : [ ],
      "stepsCount" : 0,
      "attachmentsCount" : 0,
      "shouldDisplayMessage" : false,
      "hasContent" : false
    }, {
      "name" : "And  Write Password",
      "time" : {
        "start" : 1652727424638,
        "stop" : 1652727424797,
        "duration" : 159
      },
      "status" : "passed",
      "steps" : [ ],
      "attachments" : [ ],
      "parameters" : [ ],
      "stepsCount" : 0,
      "attachmentsCount" : 0,
      "shouldDisplayMessage" : false,
      "hasContent" : false
    }, {
      "name" : "And  Click on the button Sign Up",
      "time" : {
        "start" : 1652727424797,
        "stop" : 1652727425085,
        "duration" : 288
      },
      "status" : "passed",
      "steps" : [ ],
      "attachments" : [ ],
      "parameters" : [ ],
      "stepsCount" : 0,
      "attachmentsCount" : 0,
      "shouldDisplayMessage" : false,
      "hasContent" : false
    }, {
      "name" : "And  The Sign up successful alert is displayed",
      "time" : {
        "start" : 1652727425085,
        "stop" : 1652727425633,
        "duration" : 548
      },
      "status" : "passed",
      "steps" : [ ],
      "attachments" : [ ],
      "parameters" : [ ],
      "stepsCount" : 0,
      "attachmentsCount" : 0,
      "shouldDisplayMessage" : false,
      "hasContent" : false
    }, {
      "name" : "When  Click on the button Log in",
      "time" : {
        "start" : 1652727425633,
        "stop" : 1652727425879,
        "duration" : 246
      },
      "status" : "passed",
      "steps" : [ ],
      "attachments" : [ ],
      "parameters" : [ ],
      "stepsCount" : 0,
      "attachmentsCount" : 0,
      "shouldDisplayMessage" : false,
      "hasContent" : false
    }, {
      "name" : "And  The user complete the fields with the correct data for the login",
      "time" : {
        "start" : 1652727425879,
        "stop" : 1652727426084,
        "duration" : 205
      },
      "status" : "passed",
      "steps" : [ ],
      "attachments" : [ ],
      "parameters" : [ ],
      "stepsCount" : 0,
      "attachmentsCount" : 0,
      "shouldDisplayMessage" : false,
      "hasContent" : false
    }, {
      "name" : "And  Click on the button Log In",
      "time" : {
        "start" : 1652727426084,
        "stop" : 1652727426559,
        "duration" : 475
      },
      "status" : "passed",
      "steps" : [ ],
      "attachments" : [ ],
      "parameters" : [ ],
      "stepsCount" : 0,
      "attachmentsCount" : 0,
      "shouldDisplayMessage" : false,
      "hasContent" : false
    }, {
      "name" : "Then  Verify the username is displayed",
      "time" : {
        "start" : 1652727426559,
        "stop" : 1652727426801,
        "duration" : 242
      },
      "status" : "passed",
      "steps" : [ ],
      "attachments" : [ ],
      "parameters" : [ ],
      "stepsCount" : 0,
      "attachmentsCount" : 0,
      "shouldDisplayMessage" : false,
      "hasContent" : false
    }, {
      "name" : "And  Click on the button Log out",
      "time" : {
        "start" : 1652727426801,
        "stop" : 1652727426908,
        "duration" : 107
      },
      "status" : "passed",
      "steps" : [ ],
      "attachments" : [ ],
      "parameters" : [ ],
      "stepsCount" : 0,
      "attachmentsCount" : 0,
      "shouldDisplayMessage" : false,
      "hasContent" : false
    }, {
      "name" : "And  Verify the username is not displayed",
      "time" : {
        "start" : 1652727426908,
        "stop" : 1652727426964,
        "duration" : 56
      },
      "status" : "broken",
      "statusMessage" : "Unable to locate element: #nameofuser\nFor documentation on this error, please visit: https://www.seleniumhq.org/exceptions/no_such_element.html\nBuild info: version: '3.141.59', revision: 'e82be7d358', time: '2018-11-14T08:17:03'\nSystem info: host: 'fv-az39-526', ip: '10.1.0.245', os.name: 'Linux', os.arch: 'amd64', os.version: '5.13.0-1022-azure', java.version: '11.0.15'\nDriver info: org.openqa.selenium.firefox.FirefoxDriver\nCapabilities {acceptInsecureCerts: true, browserName: firefox, browserVersion: 100.0.1, javascriptEnabled: true, moz:accessibilityChecks: false, moz:buildID: 20220513165813, moz:geckodriverVersion: 0.31.0, moz:headless: true, moz:processID: 3297, moz:profile: /tmp/rust_mozprofileG9MkaM, moz:shutdownTimeout: 60000, moz:useNonSpecCompliantPointerOrigin: false, moz:webdriverClick: true, pageLoadStrategy: normal, platform: LINUX, platformName: LINUX, platformVersion: 5.13.0-1022-azure, proxy: Proxy(), setWindowRect: true, strictFileInteractability: false, timeouts: {implicit: 0, pageLoad: 300000, script: 30000}, unhandledPromptBehavior: dismiss and notify}\nSession ID: 62199091-c95e-415f-839d-1b32fe21622d\n*** Element info: {Using=id, value=nameofuser}",
      "statusTrace" : "org.openqa.selenium.NoSuchElementException: Unable to locate element: #nameofuser\nFor documentation on this error, please visit: https://www.seleniumhq.org/exceptions/no_such_element.html\nBuild info: version: '3.141.59', revision: 'e82be7d358', time: '2018-11-14T08:17:03'\nSystem info: host: 'fv-az39-526', ip: '10.1.0.245', os.name: 'Linux', os.arch: 'amd64', os.version: '5.13.0-1022-azure', java.version: '11.0.15'\nDriver info: org.openqa.selenium.firefox.FirefoxDriver\nCapabilities {acceptInsecureCerts: true, browserName: firefox, browserVersion: 100.0.1, javascriptEnabled: true, moz:accessibilityChecks: false, moz:buildID: 20220513165813, moz:geckodriverVersion: 0.31.0, moz:headless: true, moz:processID: 3297, moz:profile: /tmp/rust_mozprofileG9MkaM, moz:shutdownTimeout: 60000, moz:useNonSpecCompliantPointerOrigin: false, moz:webdriverClick: true, pageLoadStrategy: normal, platform: LINUX, platformName: LINUX, platformVersion: 5.13.0-1022-azure, proxy: Proxy(), setWindowRect: true, strictFileInteractability: false, timeouts: {implicit: 0, pageLoad: 300000, script: 30000}, unhandledPromptBehavior: dismiss and notify}\nSession ID: 62199091-c95e-415f-839d-1b32fe21622d\n*** Element info: {Using=id, value=nameofuser}\n\tat java.base/jdk.internal.reflect.NativeConstructorAccessorImpl.newInstance0(Native Method)\n\tat java.base/jdk.internal.reflect.NativeConstructorAccessorImpl.newInstance(NativeConstructorAccessorImpl.java:62)\n\tat java.base/jdk.internal.reflect.DelegatingConstructorAccessorImpl.newInstance(DelegatingConstructorAccessorImpl.java:45)\n\tat java.base/java.lang.reflect.Constructor.newInstance(Constructor.java:490)\n\tat org.openqa.selenium.remote.http.W3CHttpResponseCodec.createException(W3CHttpResponseCodec.java:187)\n\tat org.openqa.selenium.remote.http.W3CHttpResponseCodec.decode(W3CHttpResponseCodec.java:122)\n\tat org.openqa.selenium.remote.http.W3CHttpResponseCodec.decode(W3CHttpResponseCodec.java:49)\n\tat org.openqa.selenium.remote.HttpCommandExecutor.execute(HttpCommandExecutor.java:158)\n\tat org.openqa.selenium.remote.service.DriverCommandExecutor.execute(DriverCommandExecutor.java:83)\n\tat org.openqa.selenium.remote.RemoteWebDriver.execute(RemoteWebDriver.java:552)\n\tat org.openqa.selenium.remote.RemoteWebDriver.findElement(RemoteWebDriver.java:323)\n\tat org.openqa.selenium.remote.RemoteWebDriver.findElementById(RemoteWebDriver.java:372)\n\tat org.openqa.selenium.By$ById.findElement(By.java:188)\n\tat org.openqa.selenium.remote.RemoteWebDriver.findElement(RemoteWebDriver.java:315)\n\tat pages.BasePage.invisibleWait(BasePage.java:34)\n\tat pages.BasePage.verifyInvisibleText(BasePage.java:67)\n\tat pages.LoginPage.verifyUsernameIsNotDisplayed(LoginPage.java:24)\n\tat steps.LoginSteps.verifyUsernameIsdisplayed(LoginSteps.java:23)\n\tat ✽.Verify the username is not displayed(classpath:features/web/Login.feature:19)\n",
      "steps" : [ ],
      "attachments" : [ ],
      "parameters" : [ ],
      "stepsCount" : 0,
      "attachmentsCount" : 0,
      "shouldDisplayMessage" : true,
      "hasContent" : true
    } ],
    "attachments" : [ ],
    "parameters" : [ ],
    "stepsCount" : 12,
    "attachmentsCount" : 0,
    "shouldDisplayMessage" : false,
    "hasContent" : true
  },
  "afterStages" : [ {
    "name" : "Hooks.embedScreenshot(Scenario)",
    "time" : {
      "start" : 1652727426964,
      "stop" : 1652727428002,
      "duration" : 1038
    },
    "status" : "passed",
    "steps" : [ ],
    "attachments" : [ {
      "uid" : "5a59d7a5ff68e90d",
      "name" : "Text output",
      "source" : "5a59d7a5ff68e90d.txt",
      "type" : "text/plain",
      "size" : 20
    }, {
      "uid" : "c8aa605082d63ddc",
      "name" : "Text output",
      "source" : "c8aa605082d63ddc.txt",
      "type" : "text/plain",
      "size" : 56
    }, {
      "uid" : "b75728781bc0bd9a",
      "name" : "Screenshot",
      "source" : "b75728781bc0bd9a.png",
      "type" : "image/png",
      "size" : 205239
    } ],
    "parameters" : [ ],
    "stepsCount" : 0,
    "attachmentsCount" : 3,
    "shouldDisplayMessage" : false,
    "hasContent" : true
  } ],
  "labels" : [ {
    "name" : "tag",
    "value" : "regression"
  }, {
    "name" : "tag",
    "value" : "loginLogOut"
  }, {
    "name" : "tag",
    "value" : "loginLogOutSuccessful"
  }, {
    "name" : "host",
    "value" : "fv-az39-526"
  }, {
    "name" : "thread",
    "value" : "2307@fv-az39-526.main(1)"
  }, {
    "name" : "feature",
    "value" : "Login y Logout"
  }, {
    "name" : "story",
    "value" : "Login Successful"
  }, {
    "name" : "suite",
    "value" : "Login y Logout"
  }, {
    "name" : "testClass",
    "value" : "Login Successful"
  }, {
    "name" : "framework",
    "value" : "cucumber4jvm"
  }, {
    "name" : "language",
    "value" : "java"
  }, {
    "name" : "gherkin_uri",
    "value" : "classpath:features/web/Login.feature"
  }, {
    "name" : "package",
    "value" : "features.web.Login_feature.Login y Logout"
  }, {
    "name" : "resultFormat",
    "value" : "allure2"
  } ],
  "parameters" : [ ],
  "links" : [ ],
  "hidden" : false,
  "retry" : false,
  "extra" : {
    "severity" : "normal",
    "retries" : [ ],
    "categories" : [ {
      "name" : "Test defects",
      "matchedStatuses" : [ ],
      "flaky" : false
    } ],
    "tags" : [ "loginLogOut", "loginLogOutSuccessful", "regression" ]
  },
  "source" : "da9c0b93d1b4d17b.json",
  "parameterValues" : [ ]
}